<?xml version="1.0" encoding="utf-8"?><testsuites name="pytest tests"><testsuite name="pytest" errors="0" failures="0" skipped="0" tests="33" time="9.333" timestamp="2026-05-11T05:00:33.890396+00:00" hostname="agent-env-3d9fc8e5-b121-436b-b526-ad7f54355a14"><testcase classname="backend.tests.backend_test" name="test_root" time="0.395" /><testcase classname="backend.tests.backend_test" name="test_auth_required_401" time="0.115" /><testcase classname="backend.tests.backend_test" name="test_auth_me_with_bearer" time="0.139" /><testcase classname="backend.tests.backend_test" name="test_invalid_bearer" time="0.126" /><testcase classname="backend.tests.backend_test" name="test_waste_create" time="0.120" /><testcase classname="backend.tests.backend_test" name="test_waste_list_and_search" time="0.228" /><testcase classname="backend.tests.backend_test" name="test_waste_delete" time="0.226" /><testcase classname="backend.tests.backend_test" name="test_water_create_list" time="0.264" /><testcase classname="backend.tests.backend_test" name="test_water_export_xlsx" time="0.140" /><testcase classname="backend.tests.backend_test" name="test_water_delete" time="0.119" /><testcase classname="backend.tests.backend_test" name="test_tax_create_and_summary" time="0.394" /><testcase classname="backend.tests.backend_test" name="test_tax_export_pdf_excel" time="0.294" /><testcase classname="backend.tests.backend_test" name="test_tax_delete_cleanup" time="0.256" /><testcase classname="backend.tests.backend_test" name="test_currency_rates" time="0.218" /><testcase classname="backend.tests.backend_test" name="test_currency_calculate" time="0.196" /><testcase classname="backend.tests.backend_test" name="test_journal_create_with_claude_quote" time="2.402" /><testcase classname="backend.tests.backend_test" name="test_journal_list_export" time="0.276" /><testcase classname="backend.tests.backend_test" name="test_journal_delete" time="0.128" /><testcase classname="backend.tests.backend_test" name="test_skill_create_and_search" time="0.228" /><testcase classname="backend.tests.backend_test" name="test_skill_review" time="0.294" /><testcase classname="backend.tests.backend_test" name="test_skill_delete" time="0.119" /><testcase classname="backend.tests.backend_test" name="test_health_post_auth_required" time="0.248" /><testcase classname="backend.tests.backend_test" name="test_health_create_named_post" time="0.127" /><testcase classname="backend.tests.backend_test" name="test_health_create_anonymous_post" time="0.142" /><testcase classname="backend.tests.backend_test" name="test_health_list_posts" time="0.134" /><testcase classname="backend.tests.backend_test" name="test_health_comment_create_increments_count" time="0.280" /><testcase classname="backend.tests.backend_test" name="test_health_comment_anonymous" time="0.142" /><testcase classname="backend.tests.backend_test" name="test_health_list_comments" time="0.135" /><testcase classname="backend.tests.backend_test" name="test_health_comment_on_missing_post_404" time="0.123" /><testcase classname="backend.tests.backend_test" name="test_health_delete_others_post_404" time="0.121" /><testcase classname="backend.tests.backend_test" name="test_health_delete_own_comment_decrements" time="0.267" /><testcase classname="backend.tests.backend_test" name="test_health_delete_post_cascades_comments" time="0.365" /><testcase classname="backend.tests.backend_test" name="test_health_cleanup_anon_post" time="0.140" /></testsuite></testsuites>