<?xml version="1.0" encoding="utf-8"?><testsuites name="pytest tests"><testsuite name="pytest" errors="0" failures="0" skipped="0" tests="52" time="26.891" timestamp="2026-05-11T05:16:21.998016+00:00" hostname="agent-env-3d9fc8e5-b121-436b-b526-ad7f54355a14"><testcase classname="backend.tests.backend_test" name="test_root" time="0.264" /><testcase classname="backend.tests.backend_test" name="test_auth_required_401" time="0.170" /><testcase classname="backend.tests.backend_test" name="test_auth_me_with_bearer" time="0.165" /><testcase classname="backend.tests.backend_test" name="test_invalid_bearer" time="0.163" /><testcase classname="backend.tests.backend_test" name="test_waste_create" time="0.115" /><testcase classname="backend.tests.backend_test" name="test_waste_list_and_search" time="0.236" /><testcase classname="backend.tests.backend_test" name="test_waste_delete" time="0.277" /><testcase classname="backend.tests.backend_test" name="test_water_create_list" time="0.269" /><testcase classname="backend.tests.backend_test" name="test_water_export_xlsx" time="0.140" /><testcase classname="backend.tests.backend_test" name="test_water_delete" time="0.153" /><testcase classname="backend.tests.backend_test" name="test_tax_create_and_summary" time="0.348" /><testcase classname="backend.tests.backend_test" name="test_tax_export_pdf_excel" time="0.271" /><testcase classname="backend.tests.backend_test" name="test_tax_delete_cleanup" time="0.231" /><testcase classname="backend.tests.backend_test" name="test_currency_rates" time="0.247" /><testcase classname="backend.tests.backend_test" name="test_currency_calculate" time="0.232" /><testcase classname="backend.tests.backend_test" name="test_journal_create_with_claude_quote" time="2.404" /><testcase classname="backend.tests.backend_test" name="test_journal_list_export" time="0.356" /><testcase classname="backend.tests.backend_test" name="test_journal_delete" time="0.151" /><testcase classname="backend.tests.backend_test" name="test_skill_create_and_search" time="0.267" /><testcase classname="backend.tests.backend_test" name="test_skill_review" time="0.222" /><testcase classname="backend.tests.backend_test" name="test_skill_delete" time="0.108" /><testcase classname="backend.tests.backend_test" name="test_health_post_auth_required" time="0.226" /><testcase classname="backend.tests.backend_test" name="test_health_create_named_post" time="0.110" /><testcase classname="backend.tests.backend_test" name="test_health_create_anonymous_post" time="0.123" /><testcase classname="backend.tests.backend_test" name="test_health_list_posts" time="0.122" /><testcase classname="backend.tests.backend_test" name="test_health_comment_create_increments_count" time="0.273" /><testcase classname="backend.tests.backend_test" name="test_health_comment_anonymous" time="0.138" /><testcase classname="backend.tests.backend_test" name="test_health_list_comments" time="0.120" /><testcase classname="backend.tests.backend_test" name="test_health_comment_on_missing_post_404" time="0.125" /><testcase classname="backend.tests.backend_test" name="test_health_delete_others_post_404" time="0.117" /><testcase classname="backend.tests.backend_test" name="test_health_delete_own_comment_decrements" time="0.242" /><testcase classname="backend.tests.backend_test" name="test_health_delete_post_cascades_comments" time="0.385" /><testcase classname="backend.tests.backend_test" name="test_health_cleanup_anon_post" time="0.118" /><testcase classname="backend.tests.backend_test" name="test_revision_generate_auth_required" time="0.122" /><testcase classname="backend.tests.backend_test" name="test_revision_generate_too_short_400" time="0.122" /><testcase classname="backend.tests.backend_test" name="test_revision_generate_creates_session" time="10.174" /><testcase classname="backend.tests.backend_test" name="test_revision_list_sessions" time="0.145" /><testcase classname="backend.tests.backend_test" name="test_revision_pdf_download" time="0.162" /><testcase classname="backend.tests.backend_test" name="test_revision_delete_cleanup" time="0.123" /><testcase classname="backend.tests.backend_test" name="test_amendments_returns_items_and_sources" time="3.638" /><testcase classname="backend.tests.backend_test" name="test_amendments_filter_by_source" time="0.149" /><testcase classname="backend.tests.backend_test" name="test_amendments_filter_by_q" time="0.122" /><testcase classname="backend.tests.backend_test" name="test_medicines_empty_q_returns_top30" time="0.113" /><testcase classname="backend.tests.backend_test" name="test_medicines_search_fever" time="0.130" /><testcase classname="backend.tests.backend_test" name="test_medicines_search_diabetes_returns_metformin" time="0.114" /><testcase classname="backend.tests.backend_test" name="test_weather_geocode_kathmandu" time="0.678" /><testcase classname="backend.tests.backend_test" name="test_weather_forecast" time="0.634" /><testcase classname="backend.tests.backend_test" name="test_notifications_auth_required" time="0.110" /><testcase classname="backend.tests.backend_test" name="test_notification_created_when_other_user_comments" time="0.358" /><testcase classname="backend.tests.backend_test" name="test_notification_mark_read" time="0.344" /><testcase classname="backend.tests.backend_test" name="test_notification_read_all" time="0.236" /><testcase classname="backend.tests.backend_test" name="test_notif_cleanup_post" time="0.135" /></testsuite></testsuites>